<?xml version="1.0" encoding="UTF-8"?>
<!-- Generated by org.testng.reporters.JUnitXMLReporter -->
<testsuite ignored="1" hostname="DESKTOP-LN4QVHI" failures="0" tests="7" name="Functional Tests" time="17.772" errors="0" timestamp="2026-02-13T12:00:52 EST">
  <testcase classname="com.selenium.practice.tests.LoginTest" name="loginWithMultipleUsers" time="1.576"/>
  <testcase classname="com.selenium.practice.tests.WebTableTest" name="verifyProductInTable" time="0.767"/>
  <testcase classname="com.selenium.practice.tests.CalendarTest" name="selectDateFromCalendar" time="2.469"/>
  <testcase classname="com.selenium.practice.tests.DragDropTest" name="dragAndDropElements" time="0.822"/>
  <testcase classname="com.selenium.practice.tests.MultipleWindowTest" name="testMultipleWindows" time="2.529"/>
  <testcase classname="com.selenium.practice.tests.WaitTest" name="waitUntilClickable" time="0.624"/>
  <testcase classname="com.selenium.practice.tests.APITest" name="validateStatusCode" time="0.271"/>
  <testcase classname="com.selenium.practice.tests.LogoTest" name="verifyLogoIsDisplayed" time="0.0">
    <ignored/>
  </testcase> <!-- verifyLogoIsDisplayed -->
</testsuite> <!-- Functional Tests -->
