<?xml version="1.0" encoding="UTF-8"?>
<!-- Generated by org.testng.reporters.JUnitXMLReporter -->
<testsuite ignored="1" hostname="DESKTOP-LN4QVHI" failures="0" tests="7" name="Surefire test" time="35.599" errors="0" timestamp="2026-02-12T15:44:17 EST">
  <testcase classname="com.selenium.practice.tests.APITest" name="validateStatusCode" time="0.513"/>
  <testcase classname="com.selenium.practice.tests.CalendarTest" name="selectDateFromCalendar" time="5.883"/>
  <testcase classname="com.selenium.practice.tests.DragDropTest" name="dragAndDropElements" time="1.38"/>
  <testcase classname="com.selenium.practice.tests.LoginTest" name="loginWithMultipleUsers" time="4.183"/>
  <testcase classname="com.selenium.practice.tests.MultipleWindowTest" name="testMultipleWindows" time="7.542"/>
  <testcase classname="com.selenium.practice.tests.WaitTest" name="waitUntilClickable" time="1.009"/>
  <testcase classname="com.selenium.practice.tests.WebTableTest" name="verifyProductInTable" time="1.277"/>
  <testcase classname="com.selenium.practice.tests.LogoTest" name="verifyLogoIsDisplayed" time="0.0">
    <ignored/>
  </testcase> <!-- verifyLogoIsDisplayed -->
</testsuite> <!-- Surefire test -->
