<?xml version="1.0" encoding="UTF-8"?>
<testng-results ignored="0" total="7" passed="7" failed="0" skipped="0">
  <reporter-output>
  </reporter-output>
  <suite started-at="2026-02-13T12:00:34 EST" name="Selenium Test Suite" finished-at="2026-02-13T12:00:52 EST" duration-ms="17772">
    <groups>
    </groups>
    <test started-at="2026-02-13T12:00:34 EST" name="Functional Tests" finished-at="2026-02-13T12:00:52 EST" duration-ms="17772">
      <class name="com.selenium.practice.tests.APITest">
        <test-method signature="validateStatusCode()[pri:0, instance:com.selenium.practice.tests.APITest@15043a2f]" started-at="2026-02-13T12:00:52 EST" name="validateStatusCode" finished-at="2026-02-13T12:00:52 EST" duration-ms="271" status="PASS">
          <reporter-output>
          </reporter-output>
        </test-method> <!-- validateStatusCode -->
      </class> <!-- com.selenium.practice.tests.APITest -->
      <class name="com.selenium.practice.tests.DragDropTest">
        <test-method is-config="true" signature="setUp()[pri:0, instance:com.selenium.practice.tests.DragDropTest@79e4c792]" started-at="2026-02-13T12:00:44 EST" name="setUp" finished-at="2026-02-13T12:00:45 EST" duration-ms="1095" status="PASS">
          <reporter-output>
          </reporter-output>
        </test-method> <!-- setUp -->
        <test-method signature="dragAndDropElements()[pri:0, instance:com.selenium.practice.tests.DragDropTest@79e4c792]" started-at="2026-02-13T12:00:45 EST" name="dragAndDropElements" finished-at="2026-02-13T12:00:46 EST" duration-ms="822" status="PASS">
          <reporter-output>
          </reporter-output>
        </test-method> <!-- dragAndDropElements -->
        <test-method is-config="true" signature="tearDown()[pri:0, instance:com.selenium.practice.tests.DragDropTest@79e4c792]" started-at="2026-02-13T12:00:46 EST" name="tearDown" finished-at="2026-02-13T12:00:46 EST" duration-ms="128" status="PASS">
          <reporter-output>
          </reporter-output>
        </test-method> <!-- tearDown -->
      </class> <!-- com.selenium.practice.tests.DragDropTest -->
      <class name="com.selenium.practice.tests.MultipleWindowTest">
        <test-method is-config="true" signature="setUp()[pri:0, instance:com.selenium.practice.tests.MultipleWindowTest@196a42c3]" started-at="2026-02-13T12:00:46 EST" name="setUp" finished-at="2026-02-13T12:00:47 EST" duration-ms="1107" status="PASS">
          <reporter-output>
          </reporter-output>
        </test-method> <!-- setUp -->
        <test-method signature="testMultipleWindows()[pri:0, instance:com.selenium.practice.tests.MultipleWindowTest@196a42c3]" started-at="2026-02-13T12:00:47 EST" name="testMultipleWindows" finished-at="2026-02-13T12:00:50 EST" duration-ms="2529" status="PASS">
          <reporter-output>
          </reporter-output>
        </test-method> <!-- testMultipleWindows -->
        <test-method is-config="true" signature="tearDown()[pri:0, instance:com.selenium.practice.tests.MultipleWindowTest@196a42c3]" started-at="2026-02-13T12:00:50 EST" name="tearDown" finished-at="2026-02-13T12:00:50 EST" duration-ms="153" status="PASS">
          <reporter-output>
          </reporter-output>
        </test-method> <!-- tearDown -->
      </class> <!-- com.selenium.practice.tests.MultipleWindowTest -->
      <class name="com.selenium.practice.tests.WebTableTest">
        <test-method is-config="true" signature="setUp()[pri:0, instance:com.selenium.practice.tests.WebTableTest@1c5920df]" started-at="2026-02-13T12:00:38 EST" name="setUp" finished-at="2026-02-13T12:00:40 EST" duration-ms="1143" status="PASS">
          <reporter-output>
          </reporter-output>
        </test-method> <!-- setUp -->
        <test-method signature="verifyProductInTable()[pri:0, instance:com.selenium.practice.tests.WebTableTest@1c5920df]" started-at="2026-02-13T12:00:40 EST" name="verifyProductInTable" finished-at="2026-02-13T12:00:40 EST" duration-ms="767" status="PASS">
          <reporter-output>
          </reporter-output>
        </test-method> <!-- verifyProductInTable -->
        <test-method is-config="true" signature="tearDown()[pri:0, instance:com.selenium.practice.tests.WebTableTest@1c5920df]" started-at="2026-02-13T12:00:40 EST" name="tearDown" finished-at="2026-02-13T12:00:40 EST" duration-ms="114" status="PASS">
          <reporter-output>
          </reporter-output>
        </test-method> <!-- tearDown -->
      </class> <!-- com.selenium.practice.tests.WebTableTest -->
      <class name="com.selenium.practice.tests.LoginTest">
        <test-method is-config="true" signature="setUp()[pri:0, instance:com.selenium.practice.tests.LoginTest@53fe15ff]" started-at="2026-02-13T12:00:35 EST" name="setUp" finished-at="2026-02-13T12:00:37 EST" duration-ms="2018" status="PASS">
          <reporter-output>
          </reporter-output>
        </test-method> <!-- setUp -->
        <test-method signature="loginWithMultipleUsers()[pri:0, instance:com.selenium.practice.tests.LoginTest@53fe15ff]" started-at="2026-02-13T12:00:37 EST" name="loginWithMultipleUsers" finished-at="2026-02-13T12:00:38 EST" duration-ms="1576" status="PASS">
          <reporter-output>
          </reporter-output>
        </test-method> <!-- loginWithMultipleUsers -->
        <test-method is-config="true" signature="tearDown()[pri:0, instance:com.selenium.practice.tests.LoginTest@53fe15ff]" started-at="2026-02-13T12:00:38 EST" name="tearDown" finished-at="2026-02-13T12:00:38 EST" duration-ms="185" status="PASS">
          <reporter-output>
          </reporter-output>
        </test-method> <!-- tearDown -->
      </class> <!-- com.selenium.practice.tests.LoginTest -->
      <class name="com.selenium.practice.tests.WaitTest">
        <test-method is-config="true" signature="setUp()[pri:0, instance:com.selenium.practice.tests.WaitTest@4c60d6e9]" started-at="2026-02-13T12:00:50 EST" name="setUp" finished-at="2026-02-13T12:00:51 EST" duration-ms="1147" status="PASS">
          <reporter-output>
          </reporter-output>
        </test-method> <!-- setUp -->
        <test-method signature="waitUntilClickable()[pri:0, instance:com.selenium.practice.tests.WaitTest@4c60d6e9]" started-at="2026-02-13T12:00:51 EST" name="waitUntilClickable" finished-at="2026-02-13T12:00:52 EST" duration-ms="624" status="PASS">
          <reporter-output>
          </reporter-output>
        </test-method> <!-- waitUntilClickable -->
        <test-method is-config="true" signature="tearDown()[pri:0, instance:com.selenium.practice.tests.WaitTest@4c60d6e9]" started-at="2026-02-13T12:00:52 EST" name="tearDown" finished-at="2026-02-13T12:00:52 EST" duration-ms="109" status="PASS">
          <reporter-output>
          </reporter-output>
        </test-method> <!-- tearDown -->
      </class> <!-- com.selenium.practice.tests.WaitTest -->
      <class name="com.selenium.practice.tests.CalendarTest">
        <test-method is-config="true" signature="setUp()[pri:0, instance:com.selenium.practice.tests.CalendarTest@17f9d882]" started-at="2026-02-13T12:00:40 EST" name="setUp" finished-at="2026-02-13T12:00:42 EST" duration-ms="1145" status="PASS">
          <reporter-output>
          </reporter-output>
        </test-method> <!-- setUp -->
        <test-method signature="selectDateFromCalendar()[pri:0, instance:com.selenium.practice.tests.CalendarTest@17f9d882]" started-at="2026-02-13T12:00:42 EST" name="selectDateFromCalendar" finished-at="2026-02-13T12:00:44 EST" duration-ms="2469" status="PASS">
          <reporter-output>
          </reporter-output>
        </test-method> <!-- selectDateFromCalendar -->
        <test-method is-config="true" signature="tearDown()[pri:0, instance:com.selenium.practice.tests.CalendarTest@17f9d882]" started-at="2026-02-13T12:00:44 EST" name="tearDown" finished-at="2026-02-13T12:00:44 EST" duration-ms="176" status="PASS">
          <reporter-output>
          </reporter-output>
        </test-method> <!-- tearDown -->
      </class> <!-- com.selenium.practice.tests.CalendarTest -->
    </test> <!-- Functional Tests -->
  </suite> <!-- Selenium Test Suite -->
</testng-results>
