<?xml version="1.0" encoding="UTF-8"?>
<!-- Generated by org.testng.reporters.JUnitXMLReporter -->
<testsuite ignored="0" hostname="DESKTOP-LN4QVHI" failures="0" tests="10" name="Test Classes" time="27.052" errors="0" timestamp="2026-02-11T23:05:38 EST">
  <testcase classname="com.selenium.practice.tests.LoginTest" name="invalidUsernameTest" time="1.063"/>
  <testcase classname="com.selenium.practice.tests.LoginTest" name="validLoginTest" time="1.044"/>
  <testcase classname="com.selenium.practice.tests.LoginTest" name="wrongPasswordTest" time="1.595"/>
  <testcase classname="com.selenium.practice.tests.LogoTest" name="verifyLogoDisplayedAndCorrect" time="0.602"/>
  <testcase classname="com.selenium.practice.tests.APITest" name="validateStatusCode" time="0.265"/>
  <testcase classname="com.selenium.practice.tests.CalendarTest" name="selectDateFromCalendar" time="4.649"/>
  <testcase classname="com.selenium.practice.tests.DragDropTest" name="dragAndDropElements" time="0.889"/>
  <testcase classname="com.selenium.practice.tests.MultipleWindowTest" name="testMultipleWindows" time="4.035"/>
  <testcase classname="com.selenium.practice.tests.WaitTest" name="waitUntilClickable" time="0.754"/>
  <testcase classname="com.selenium.practice.tests.WebTableTest" name="verifyProductInTable" time="0.864"/>
</testsuite> <!-- Test Classes -->
