<?xml version="1.0" encoding="UTF-8"?>
<testng-results ignored="1" total="8" passed="7" failed="0" skipped="0">
  <reporter-output>
  </reporter-output>
  <suite started-at="2026-02-12T19:29:05 EST" name="Selenium Test Suite" finished-at="2026-02-12T19:29:25 EST" duration-ms="19784">
    <groups>
    </groups>
    <test started-at="2026-02-12T19:29:05 EST" name="Functional Tests" finished-at="2026-02-12T19:29:25 EST" duration-ms="19784">
      <class name="com.selenium.practice.tests.APITest">
        <test-method signature="validateStatusCode()[pri:0, instance:com.selenium.practice.tests.APITest@79207381]" started-at="2026-02-12T19:29:24 EST" name="validateStatusCode" finished-at="2026-02-12T19:29:25 EST" duration-ms="285" status="PASS">
          <reporter-output>
          </reporter-output>
        </test-method> <!-- validateStatusCode -->
      </class> <!-- com.selenium.practice.tests.APITest -->
      <class name="com.selenium.practice.tests.DragDropTest">
        <test-method is-config="true" signature="setUp()[pri:0, instance:com.selenium.practice.tests.DragDropTest@5884a914]" started-at="2026-02-12T19:29:17 EST" name="setUp" finished-at="2026-02-12T19:29:18 EST" duration-ms="1134" status="PASS">
          <reporter-output>
          </reporter-output>
        </test-method> <!-- setUp -->
        <test-method signature="dragAndDropElements()[pri:0, instance:com.selenium.practice.tests.DragDropTest@5884a914]" started-at="2026-02-12T19:29:18 EST" name="dragAndDropElements" finished-at="2026-02-12T19:29:19 EST" duration-ms="867" status="PASS">
          <reporter-output>
          </reporter-output>
        </test-method> <!-- dragAndDropElements -->
        <test-method is-config="true" signature="tearDown()[pri:0, instance:com.selenium.practice.tests.DragDropTest@5884a914]" started-at="2026-02-12T19:29:19 EST" name="tearDown" finished-at="2026-02-12T19:29:19 EST" duration-ms="182" status="PASS">
          <reporter-output>
          </reporter-output>
        </test-method> <!-- tearDown -->
      </class> <!-- com.selenium.practice.tests.DragDropTest -->
      <class name="com.selenium.practice.tests.MultipleWindowTest">
        <test-method is-config="true" signature="setUp()[pri:0, instance:com.selenium.practice.tests.MultipleWindowTest@50378a4]" started-at="2026-02-12T19:29:19 EST" name="setUp" finished-at="2026-02-12T19:29:20 EST" duration-ms="1053" status="PASS">
          <reporter-output>
          </reporter-output>
        </test-method> <!-- setUp -->
        <test-method signature="testMultipleWindows()[pri:0, instance:com.selenium.practice.tests.MultipleWindowTest@50378a4]" started-at="2026-02-12T19:29:20 EST" name="testMultipleWindows" finished-at="2026-02-12T19:29:22 EST" duration-ms="2395" status="PASS">
          <reporter-output>
          </reporter-output>
        </test-method> <!-- testMultipleWindows -->
        <test-method is-config="true" signature="tearDown()[pri:0, instance:com.selenium.practice.tests.MultipleWindowTest@50378a4]" started-at="2026-02-12T19:29:22 EST" name="tearDown" finished-at="2026-02-12T19:29:22 EST" duration-ms="193" status="PASS">
          <reporter-output>
          </reporter-output>
        </test-method> <!-- tearDown -->
      </class> <!-- com.selenium.practice.tests.MultipleWindowTest -->
      <class name="com.selenium.practice.tests.WebTableTest">
        <test-method is-config="true" signature="setUp()[pri:0, instance:com.selenium.practice.tests.WebTableTest@4d15107f]" started-at="2026-02-12T19:29:11 EST" name="setUp" finished-at="2026-02-12T19:29:12 EST" duration-ms="1097" status="PASS">
          <reporter-output>
          </reporter-output>
        </test-method> <!-- setUp -->
        <test-method signature="verifyProductInTable()[pri:0, instance:com.selenium.practice.tests.WebTableTest@4d15107f]" started-at="2026-02-12T19:29:12 EST" name="verifyProductInTable" finished-at="2026-02-12T19:29:13 EST" duration-ms="934" status="PASS">
          <reporter-output>
          </reporter-output>
        </test-method> <!-- verifyProductInTable -->
        <test-method is-config="true" signature="tearDown()[pri:0, instance:com.selenium.practice.tests.WebTableTest@4d15107f]" started-at="2026-02-12T19:29:13 EST" name="tearDown" finished-at="2026-02-12T19:29:13 EST" duration-ms="144" status="PASS">
          <reporter-output>
          </reporter-output>
        </test-method> <!-- tearDown -->
      </class> <!-- com.selenium.practice.tests.WebTableTest -->
      <class name="com.selenium.practice.tests.LoginTest">
        <test-method is-config="true" signature="setUp()[pri:0, instance:com.selenium.practice.tests.LoginTest@433defed]" started-at="2026-02-12T19:29:05 EST" name="setUp" finished-at="2026-02-12T19:29:09 EST" duration-ms="3895" status="PASS">
          <reporter-output>
          </reporter-output>
        </test-method> <!-- setUp -->
        <test-method signature="loginWithMultipleUsers()[pri:0, instance:com.selenium.practice.tests.LoginTest@433defed]" started-at="2026-02-12T19:29:09 EST" name="loginWithMultipleUsers" finished-at="2026-02-12T19:29:10 EST" duration-ms="1620" status="PASS">
          <reporter-output>
          </reporter-output>
        </test-method> <!-- loginWithMultipleUsers -->
        <test-method is-config="true" signature="tearDown()[pri:0, instance:com.selenium.practice.tests.LoginTest@433defed]" started-at="2026-02-12T19:29:10 EST" name="tearDown" finished-at="2026-02-12T19:29:11 EST" duration-ms="226" status="PASS">
          <reporter-output>
          </reporter-output>
        </test-method> <!-- tearDown -->
      </class> <!-- com.selenium.practice.tests.LoginTest -->
      <class name="com.selenium.practice.tests.WaitTest">
        <test-method is-config="true" signature="setUp()[pri:0, instance:com.selenium.practice.tests.WaitTest@60f00693]" started-at="2026-02-12T19:29:22 EST" name="setUp" finished-at="2026-02-12T19:29:24 EST" duration-ms="1227" status="PASS">
          <reporter-output>
          </reporter-output>
        </test-method> <!-- setUp -->
        <test-method signature="waitUntilClickable()[pri:0, instance:com.selenium.practice.tests.WaitTest@60f00693]" started-at="2026-02-12T19:29:24 EST" name="waitUntilClickable" finished-at="2026-02-12T19:29:24 EST" duration-ms="655" status="PASS">
          <reporter-output>
          </reporter-output>
        </test-method> <!-- waitUntilClickable -->
        <test-method is-config="true" signature="tearDown()[pri:0, instance:com.selenium.practice.tests.WaitTest@60f00693]" started-at="2026-02-12T19:29:24 EST" name="tearDown" finished-at="2026-02-12T19:29:24 EST" duration-ms="117" status="PASS">
          <reporter-output>
          </reporter-output>
        </test-method> <!-- tearDown -->
      </class> <!-- com.selenium.practice.tests.WaitTest -->
      <class name="com.selenium.practice.tests.CalendarTest">
        <test-method is-config="true" signature="setUp()[pri:0, instance:com.selenium.practice.tests.CalendarTest@7b4c50bc]" started-at="2026-02-12T19:29:13 EST" name="setUp" finished-at="2026-02-12T19:29:14 EST" duration-ms="1118" status="PASS">
          <reporter-output>
          </reporter-output>
        </test-method> <!-- setUp -->
        <test-method signature="selectDateFromCalendar()[pri:0, instance:com.selenium.practice.tests.CalendarTest@7b4c50bc]" started-at="2026-02-12T19:29:14 EST" name="selectDateFromCalendar" finished-at="2026-02-12T19:29:16 EST" duration-ms="2410" status="PASS">
          <reporter-output>
          </reporter-output>
        </test-method> <!-- selectDateFromCalendar -->
        <test-method is-config="true" signature="tearDown()[pri:0, instance:com.selenium.practice.tests.CalendarTest@7b4c50bc]" started-at="2026-02-12T19:29:16 EST" name="tearDown" finished-at="2026-02-12T19:29:17 EST" duration-ms="151" status="PASS">
          <reporter-output>
          </reporter-output>
        </test-method> <!-- tearDown -->
      </class> <!-- com.selenium.practice.tests.CalendarTest -->
    </test> <!-- Functional Tests -->
  </suite> <!-- Selenium Test Suite -->
</testng-results>
