<?xml version="1.0" encoding="UTF-8"?>
<!-- Generated by org.testng.reporters.JUnitReportReporter -->
<testsuite hostname="DESKTOP-LN4QVHI" failures="0" tests="3" name="com.selenium.practice.tests.LoginTest" time="7.874" errors="0" timestamp="2026-02-11T23:05:38 EST" skipped="0">
  <testcase classname="com.selenium.practice.tests.LoginTest" name="invalidUsernameTest" time="2.283"/>
  <testcase classname="com.selenium.practice.tests.LoginTest" name="wrongPasswordTest" time="2.801"/>
  <testcase classname="com.selenium.practice.tests.LoginTest" name="validLoginTest" time="2.790"/>
</testsuite> <!-- com.selenium.practice.tests.LoginTest -->
