<?xml version="1.0" encoding="UTF-8"?>
<!-- Generated by org.testng.reporters.JUnitXMLReporter -->
<testsuite ignored="1" hostname="DESKTOP-LN4QVHI" failures="0" tests="7" name="Functional Tests" time="19.784" errors="0" timestamp="2026-02-12T19:29:25 EST">
  <testcase classname="com.selenium.practice.tests.LoginTest" name="loginWithMultipleUsers" time="1.62"/>
  <testcase classname="com.selenium.practice.tests.WebTableTest" name="verifyProductInTable" time="0.934"/>
  <testcase classname="com.selenium.practice.tests.CalendarTest" name="selectDateFromCalendar" time="2.41"/>
  <testcase classname="com.selenium.practice.tests.DragDropTest" name="dragAndDropElements" time="0.867"/>
  <testcase classname="com.selenium.practice.tests.MultipleWindowTest" name="testMultipleWindows" time="2.395"/>
  <testcase classname="com.selenium.practice.tests.WaitTest" name="waitUntilClickable" time="0.655"/>
  <testcase classname="com.selenium.practice.tests.APITest" name="validateStatusCode" time="0.285"/>
  <testcase classname="com.selenium.practice.tests.LogoTest" name="verifyLogoIsDisplayed" time="0.0">
    <ignored/>
  </testcase> <!-- verifyLogoIsDisplayed -->
</testsuite> <!-- Functional Tests -->
